<?xml version="1.0" encoding="UTF-8"?>
<testng-results skipped="0" failed="0" ignored="0" total="0" passed="0">
  <reporter-output>
  </reporter-output>
  <suite name="com.techfios.Session5_part2.AppTest" duration-ms="6" started-at="2022-02-13T20:19:28Z" finished-at="2022-02-13T20:19:28Z">
    <groups>
    </groups>
    <test name="Command line test" duration-ms="6" started-at="2022-02-13T20:19:28Z" finished-at="2022-02-13T20:19:28Z">
    </test> <!-- Command line test -->
  </suite> <!-- com.techfios.Session5_part2.AppTest -->
</testng-results>
